[2025-04-02T14:41:18.148261-07:00] - [sessions.desktop.workspace.1] - [DEBUG] - [8588906304 - MainThread] - [_desktop_session] - [__init__] - DesktopSession created with following parameters: app_key="DEFAULT_WORKSPACE_APP_KEY", name="workspace" base_url="http://localhost:9000" platform_path_rdp="/api/rdp" platform_path_udf="/api/udf" handshake_url="/api/handshake"
[2025-04-02T14:41:18.152581-07:00] - [sessions.desktop.workspace.1] - [DEBUG] - [8588906304 - MainThread] - [_session] - [_connection] - Created session connection SessionCxnType.DESKTOP
[2025-04-02T14:41:18.152824-07:00] - [sessions.desktop.workspace.1] - [DEBUG] - [8588906304 - MainThread] - [_session_provider] - [session_provider] - Session created: DesktopSession
		name = workspace
		connection = DesktopConnection
		stream_auto_reconnection = True
		handshake_url = http://localhost:9000/api/handshake
		state = OpenState.Closed
		session_id = 1
		logger_name = sessions.desktop.workspace.1
[2025-04-02T15:24:26.683309-07:00] - [sessions.desktop.workspace.2] - [DEBUG] - [8588906304 - MainThread] - [_desktop_session] - [__init__] - DesktopSession created with following parameters: app_key="DEFAULT_WORKSPACE_APP_KEY", name="workspace" base_url="http://localhost:9000" platform_path_rdp="/api/rdp" platform_path_udf="/api/udf" handshake_url="/api/handshake"
[2025-04-02T15:24:26.683894-07:00] - [sessions.desktop.workspace.2] - [DEBUG] - [8588906304 - MainThread] - [_session] - [_connection] - Created session connection SessionCxnType.DESKTOP
[2025-04-02T15:24:26.684044-07:00] - [sessions.desktop.workspace.2] - [DEBUG] - [8588906304 - MainThread] - [_session_provider] - [session_provider] - Session created: DesktopSession
		name = workspace
		connection = DesktopConnection
		stream_auto_reconnection = True
		handshake_url = http://localhost:9000/api/handshake
		state = OpenState.Closed
		session_id = 2
		logger_name = sessions.desktop.workspace.2
